2020-11-01 05:13:16,778:INFO:PyCaret Supervised Module
2020-11-01 05:13:16,778:INFO:ML Usecase: regression
2020-11-01 05:13:16,778:INFO:version 2.2.0
2020-11-01 05:13:16,778:INFO:Initializing setup()
2020-11-01 05:13:16,778:INFO:setup(target=charges, ml_usecase=regression, available_plots={'parameter': 'Hyperparameters', 'residuals': 'Residuals', 'error': 'Prediction Error', 'cooks': 'Cooks Distance', 'rfe': 'Feature Selection', 'learning': 'Learning Curve', 'manifold': 'Manifold Learning', 'vc': 'Validation Curve', 'feature': 'Feature Importance', 'feature_all': 'Feature Importance (All)', 'tree': 'Decision Tree'}, train_size=0.7, test_data=None, preprocess=True, imputation_type=simple, iterative_imputation_iters=5, categorical_features=None, categorical_imputation=constant, categorical_iterative_imputer=lightgbm, ordinal_features=None, high_cardinality_features=None, high_cardinality_method=frequency, numeric_features=None, numeric_imputation=mean, numeric_iterative_imputer=lightgbm, date_features=None, ignore_features=None, normalize=False, normalize_method=zscore, transformation=False, transformation_method=yeo-johnson, handle_unknown_categorical=True, unknown_categorical_method=least_frequent, pca=False, pca_method=linear, pca_components=None, ignore_low_variance=False, combine_rare_levels=False, rare_level_threshold=0.1, bin_numeric_features=None, remove_outliers=False, outliers_threshold=0.05, remove_multicollinearity=False, multicollinearity_threshold=0.9, remove_perfect_collinearity=True, create_clusters=False, cluster_iter=20, polynomial_features=False, polynomial_degree=2, trigonometry_features=False, polynomial_threshold=0.1, group_features=None, group_names=None, feature_selection=False, feature_selection_threshold=0.8, feature_selection_method=classic, feature_interaction=False, feature_ratio=False, interaction_threshold=0.01, fix_imbalance=False, fix_imbalance_method=None, transform_target=False, transform_target_method=box-cox, data_split_shuffle=True, data_split_stratify=False, fold_strategy=kfold, fold=10, fold_shuffle=False, fold_groups=None, n_jobs=-1, use_gpu=False, custom_pipeline=None, html=True, session_id=None, log_experiment=False, experiment_name=None, log_plots=False, log_profile=False, log_data=False, silent=False, verbose=True, profile=False, display=None)
2020-11-01 05:13:16,778:INFO:Checking environment
2020-11-01 05:13:16,778:INFO:python_version: 3.8.6
2020-11-01 05:13:16,779:INFO:python_build: ('default', 'Sep 25 2020 09:36:53')
2020-11-01 05:13:16,779:INFO:machine: x86_64
2020-11-01 05:13:16,786:INFO:platform: Linux-5.8.0-7625-generic-x86_64-with-glibc2.32
2020-11-01 05:13:16,787:WARNING:cannot find psutil installation. memory not traceable. Install psutil using pip to enable memory logging.
2020-11-01 05:13:16,787:INFO:Checking libraries
2020-11-01 05:13:16,787:INFO:pd==1.1.4
2020-11-01 05:13:16,787:INFO:numpy==1.18.5
2020-11-01 05:13:16,787:INFO:sklearn==0.23.2
2020-11-01 05:13:16,792:INFO:xgboost==1.2.1
2020-11-01 05:13:16,792:INFO:lightgbm==3.0.0
2020-11-01 05:13:16,800:INFO:catboost==0.24.2
2020-11-01 05:13:17,128:INFO:mlflow==1.11.0
2020-11-01 05:13:17,128:INFO:Checking Exceptions
2020-11-01 05:13:36,017:INFO:PyCaret Supervised Module
2020-11-01 05:13:36,017:INFO:ML Usecase: regression
2020-11-01 05:13:36,017:INFO:version 2.2.0
2020-11-01 05:13:36,017:INFO:Initializing setup()
2020-11-01 05:13:36,017:INFO:setup(target=charges, ml_usecase=regression, available_plots={'parameter': 'Hyperparameters', 'residuals': 'Residuals', 'error': 'Prediction Error', 'cooks': 'Cooks Distance', 'rfe': 'Feature Selection', 'learning': 'Learning Curve', 'manifold': 'Manifold Learning', 'vc': 'Validation Curve', 'feature': 'Feature Importance', 'feature_all': 'Feature Importance (All)', 'tree': 'Decision Tree'}, train_size=0.7, test_data=None, preprocess=True, imputation_type=simple, iterative_imputation_iters=5, categorical_features=None, categorical_imputation=constant, categorical_iterative_imputer=lightgbm, ordinal_features=None, high_cardinality_features=None, high_cardinality_method=frequency, numeric_features=None, numeric_imputation=mean, numeric_iterative_imputer=lightgbm, date_features=None, ignore_features=None, normalize=False, normalize_method=zscore, transformation=False, transformation_method=yeo-johnson, handle_unknown_categorical=True, unknown_categorical_method=least_frequent, pca=False, pca_method=linear, pca_components=None, ignore_low_variance=False, combine_rare_levels=False, rare_level_threshold=0.1, bin_numeric_features=None, remove_outliers=False, outliers_threshold=0.05, remove_multicollinearity=False, multicollinearity_threshold=0.9, remove_perfect_collinearity=True, create_clusters=False, cluster_iter=20, polynomial_features=False, polynomial_degree=2, trigonometry_features=False, polynomial_threshold=0.1, group_features=None, group_names=None, feature_selection=False, feature_selection_threshold=0.8, feature_selection_method=classic, feature_interaction=False, feature_ratio=False, interaction_threshold=0.01, fix_imbalance=False, fix_imbalance_method=None, transform_target=False, transform_target_method=box-cox, data_split_shuffle=True, data_split_stratify=False, fold_strategy=kfold, fold=10, fold_shuffle=False, fold_groups=None, n_jobs=-1, use_gpu=False, custom_pipeline=None, html=True, session_id=None, log_experiment=False, experiment_name=None, log_plots=False, log_profile=False, log_data=False, silent=False, verbose=True, profile=False, display=None)
2020-11-01 05:13:36,018:INFO:Checking environment
2020-11-01 05:13:36,018:INFO:python_version: 3.8.6
2020-11-01 05:13:36,018:INFO:python_build: ('default', 'Sep 25 2020 09:36:53')
2020-11-01 05:13:36,018:INFO:machine: x86_64
2020-11-01 05:13:36,018:INFO:platform: Linux-5.8.0-7625-generic-x86_64-with-glibc2.32
2020-11-01 05:13:36,018:WARNING:cannot find psutil installation. memory not traceable. Install psutil using pip to enable memory logging.
2020-11-01 05:13:36,018:INFO:Checking libraries
2020-11-01 05:13:36,018:INFO:pd==1.1.4
2020-11-01 05:13:36,018:INFO:numpy==1.18.5
2020-11-01 05:13:36,018:INFO:sklearn==0.23.2
2020-11-01 05:13:36,018:INFO:xgboost==1.2.1
2020-11-01 05:13:36,018:INFO:lightgbm==3.0.0
2020-11-01 05:13:36,018:INFO:catboost==0.24.2
2020-11-01 05:13:36,018:INFO:mlflow==1.11.0
2020-11-01 05:13:36,018:INFO:Checking Exceptions
2020-11-01 05:13:48,445:INFO:PyCaret Supervised Module
2020-11-01 05:13:48,445:INFO:ML Usecase: regression
2020-11-01 05:13:48,445:INFO:version 2.2.0
2020-11-01 05:13:48,445:INFO:Initializing setup()
2020-11-01 05:13:48,445:INFO:setup(target=consumo-diario, ml_usecase=regression, available_plots={'parameter': 'Hyperparameters', 'residuals': 'Residuals', 'error': 'Prediction Error', 'cooks': 'Cooks Distance', 'rfe': 'Feature Selection', 'learning': 'Learning Curve', 'manifold': 'Manifold Learning', 'vc': 'Validation Curve', 'feature': 'Feature Importance', 'feature_all': 'Feature Importance (All)', 'tree': 'Decision Tree'}, train_size=0.7, test_data=None, preprocess=True, imputation_type=simple, iterative_imputation_iters=5, categorical_features=None, categorical_imputation=constant, categorical_iterative_imputer=lightgbm, ordinal_features=None, high_cardinality_features=None, high_cardinality_method=frequency, numeric_features=None, numeric_imputation=mean, numeric_iterative_imputer=lightgbm, date_features=None, ignore_features=None, normalize=False, normalize_method=zscore, transformation=False, transformation_method=yeo-johnson, handle_unknown_categorical=True, unknown_categorical_method=least_frequent, pca=False, pca_method=linear, pca_components=None, ignore_low_variance=False, combine_rare_levels=False, rare_level_threshold=0.1, bin_numeric_features=None, remove_outliers=False, outliers_threshold=0.05, remove_multicollinearity=False, multicollinearity_threshold=0.9, remove_perfect_collinearity=True, create_clusters=False, cluster_iter=20, polynomial_features=False, polynomial_degree=2, trigonometry_features=False, polynomial_threshold=0.1, group_features=None, group_names=None, feature_selection=False, feature_selection_threshold=0.8, feature_selection_method=classic, feature_interaction=False, feature_ratio=False, interaction_threshold=0.01, fix_imbalance=False, fix_imbalance_method=None, transform_target=False, transform_target_method=box-cox, data_split_shuffle=True, data_split_stratify=False, fold_strategy=kfold, fold=10, fold_shuffle=False, fold_groups=None, n_jobs=-1, use_gpu=False, custom_pipeline=None, html=True, session_id=None, log_experiment=False, experiment_name=None, log_plots=False, log_profile=False, log_data=False, silent=False, verbose=True, profile=False, display=None)
2020-11-01 05:13:48,445:INFO:Checking environment
2020-11-01 05:13:48,445:INFO:python_version: 3.8.6
2020-11-01 05:13:48,446:INFO:python_build: ('default', 'Sep 25 2020 09:36:53')
2020-11-01 05:13:48,446:INFO:machine: x86_64
2020-11-01 05:13:48,446:INFO:platform: Linux-5.8.0-7625-generic-x86_64-with-glibc2.32
2020-11-01 05:13:48,446:WARNING:cannot find psutil installation. memory not traceable. Install psutil using pip to enable memory logging.
2020-11-01 05:13:48,446:INFO:Checking libraries
2020-11-01 05:13:48,446:INFO:pd==1.1.4
2020-11-01 05:13:48,446:INFO:numpy==1.18.5
2020-11-01 05:13:48,446:INFO:sklearn==0.23.2
2020-11-01 05:13:48,446:INFO:xgboost==1.2.1
2020-11-01 05:13:48,446:INFO:lightgbm==3.0.0
2020-11-01 05:13:48,446:INFO:catboost==0.24.2
2020-11-01 05:13:48,446:INFO:mlflow==1.11.0
2020-11-01 05:13:48,446:INFO:Checking Exceptions
2020-11-01 05:13:48,446:INFO:Declaring global variables
2020-11-01 05:13:48,446:INFO:USI: 1493
2020-11-01 05:13:48,446:INFO:pycaret_globals: {'_all_models', 'stratify_param', '_available_plots', 'y_train', 'y', 'create_model_container', 'transform_target_method_param', 'prep_pipe', '_internal_pipeline', 'data_before_preprocess', 'target_param', 'y_test', 'display_container', 'exp_name_log', 'html_param', 'pycaret_globals', 'imputation_regressor', '_gpu_n_jobs_param', 'gpu_param', 'fold_shuffle_param', 'fold_generator', 'iterative_imputation_iters_param', 'USI', 'seed', 'fold_groups_param', '_ml_usecase', 'logging_param', 'n_jobs_param', 'X_test', 'log_plots_param', 'fix_imbalance_method_param', 'imputation_classifier', 'master_model_container', '_all_models_internal', 'fix_imbalance_param', 'X_train', 'fold_param', 'X', 'experiment__', 'transform_target_param', '_all_metrics'}
2020-11-01 05:13:48,446:INFO:Preparing display monitor
2020-11-01 05:13:48,446:INFO:Preparing display monitor
2020-11-01 05:13:48,518:INFO:Importing libraries
2020-11-01 05:13:48,518:INFO:Copying data for preprocessing
2020-11-01 05:13:48,528:INFO:Declaring preprocessing parameters
2020-11-01 05:13:48,530:INFO:Creating preprocessing pipeline
2020-11-01 05:13:48,541:INFO:Preprocessing pipeline created successfully
2020-11-01 05:13:48,542:ERROR:(Process Exit): setup has been interupted with user command 'quit'. setup must rerun.
2020-11-01 05:13:48,542:INFO:Creating global containers
2020-11-01 05:13:48,542:INFO:Internal pipeline: Pipeline(memory=None, steps=[('empty_step', 'passthrough')], verbose=False)
2020-11-01 05:16:37,559:INFO:Initializing compare_models()
2020-11-01 05:16:37,559:INFO:compare_models(include=None, fold=None, round=4, cross_validation=True, sort=R2, n_select=1, budget_time=None, turbo=True, errors=ignore, fit_kwargs=None, groups=None, verbose=True, display=None, exclude=None)
2020-11-01 05:16:37,559:INFO:Checking exceptions
2020-11-01 05:16:50,226:INFO:PyCaret Supervised Module
2020-11-01 05:16:50,226:INFO:ML Usecase: regression
2020-11-01 05:16:50,226:INFO:version 2.2.0
2020-11-01 05:16:50,226:INFO:Initializing setup()
2020-11-01 05:16:50,226:INFO:setup(target=consumo-diario, ml_usecase=regression, available_plots={'parameter': 'Hyperparameters', 'residuals': 'Residuals', 'error': 'Prediction Error', 'cooks': 'Cooks Distance', 'rfe': 'Feature Selection', 'learning': 'Learning Curve', 'manifold': 'Manifold Learning', 'vc': 'Validation Curve', 'feature': 'Feature Importance', 'feature_all': 'Feature Importance (All)', 'tree': 'Decision Tree'}, train_size=0.7, test_data=None, preprocess=True, imputation_type=simple, iterative_imputation_iters=5, categorical_features=None, categorical_imputation=constant, categorical_iterative_imputer=lightgbm, ordinal_features=None, high_cardinality_features=None, high_cardinality_method=frequency, numeric_features=None, numeric_imputation=mean, numeric_iterative_imputer=lightgbm, date_features=None, ignore_features=None, normalize=False, normalize_method=zscore, transformation=False, transformation_method=yeo-johnson, handle_unknown_categorical=True, unknown_categorical_method=least_frequent, pca=False, pca_method=linear, pca_components=None, ignore_low_variance=False, combine_rare_levels=False, rare_level_threshold=0.1, bin_numeric_features=None, remove_outliers=False, outliers_threshold=0.05, remove_multicollinearity=False, multicollinearity_threshold=0.9, remove_perfect_collinearity=True, create_clusters=False, cluster_iter=20, polynomial_features=False, polynomial_degree=2, trigonometry_features=False, polynomial_threshold=0.1, group_features=None, group_names=None, feature_selection=False, feature_selection_threshold=0.8, feature_selection_method=classic, feature_interaction=False, feature_ratio=False, interaction_threshold=0.01, fix_imbalance=False, fix_imbalance_method=None, transform_target=False, transform_target_method=box-cox, data_split_shuffle=True, data_split_stratify=False, fold_strategy=kfold, fold=10, fold_shuffle=False, fold_groups=None, n_jobs=-1, use_gpu=False, custom_pipeline=None, html=True, session_id=None, log_experiment=False, experiment_name=None, log_plots=False, log_profile=False, log_data=False, silent=False, verbose=True, profile=False, display=None)
2020-11-01 05:16:50,227:INFO:Checking environment
2020-11-01 05:16:50,227:INFO:python_version: 3.8.6
2020-11-01 05:16:50,227:INFO:python_build: ('default', 'Sep 25 2020 09:36:53')
2020-11-01 05:16:50,227:INFO:machine: x86_64
2020-11-01 05:16:50,227:INFO:platform: Linux-5.8.0-7625-generic-x86_64-with-glibc2.32
2020-11-01 05:16:50,227:WARNING:cannot find psutil installation. memory not traceable. Install psutil using pip to enable memory logging.
2020-11-01 05:16:50,227:INFO:Checking libraries
2020-11-01 05:16:50,227:INFO:pd==1.1.4
2020-11-01 05:16:50,227:INFO:numpy==1.18.5
2020-11-01 05:16:50,227:INFO:sklearn==0.23.2
2020-11-01 05:16:50,227:INFO:xgboost==1.2.1
2020-11-01 05:16:50,228:INFO:lightgbm==3.0.0
2020-11-01 05:16:50,228:INFO:catboost==0.24.2
2020-11-01 05:16:50,228:INFO:mlflow==1.11.0
2020-11-01 05:16:50,228:INFO:Checking Exceptions
2020-11-01 05:16:50,228:INFO:Declaring global variables
2020-11-01 05:16:50,228:INFO:USI: b6a8
2020-11-01 05:16:50,228:INFO:pycaret_globals: {'_all_models', 'stratify_param', '_available_plots', 'y_train', 'y', 'create_model_container', 'transform_target_method_param', 'prep_pipe', '_internal_pipeline', 'data_before_preprocess', 'target_param', 'y_test', 'display_container', 'exp_name_log', 'html_param', 'pycaret_globals', 'imputation_regressor', '_gpu_n_jobs_param', 'gpu_param', 'fold_shuffle_param', 'fold_generator', 'iterative_imputation_iters_param', 'USI', 'seed', 'fold_groups_param', '_ml_usecase', 'logging_param', 'n_jobs_param', 'X_test', 'log_plots_param', 'fix_imbalance_method_param', 'imputation_classifier', 'master_model_container', '_all_models_internal', 'fix_imbalance_param', 'X_train', 'fold_param', 'X', 'experiment__', 'transform_target_param', '_all_metrics'}
2020-11-01 05:16:50,228:INFO:Preparing display monitor
2020-11-01 05:16:50,228:INFO:Preparing display monitor
2020-11-01 05:16:50,238:INFO:Importing libraries
2020-11-01 05:16:50,238:INFO:Copying data for preprocessing
2020-11-01 05:16:50,246:INFO:Declaring preprocessing parameters
2020-11-01 05:16:50,248:INFO:Creating preprocessing pipeline
2020-11-01 05:16:50,259:INFO:Preprocessing pipeline created successfully
2020-11-01 05:16:50,259:ERROR:(Process Exit): setup has been interupted with user command 'quit'. setup must rerun.
2020-11-01 05:16:50,259:INFO:Creating global containers
2020-11-01 05:16:50,260:INFO:Internal pipeline: Pipeline(memory=None, steps=[('empty_step', 'passthrough')], verbose=False)
2020-11-01 05:16:53,902:INFO:Creating grid variables
2020-11-01 05:16:54,011:INFO:create_model_container: 0
2020-11-01 05:16:54,011:INFO:master_model_container: 0
2020-11-01 05:16:54,011:INFO:display_container: 0
2020-11-01 05:16:54,016:INFO:Pipeline(memory=None,
         steps=[('dtypes',
                 DataTypes_Auto_infer(categorical_features=[],
                                      display_types=True, features_todrop=[],
                                      id_columns=[], ml_usecase='regression',
                                      numerical_features=[],
                                      target='consumo-diario',
                                      time_features=[])),
                ('imputer',
                 Simple_Imputer(categorical_strategy='not_available',
                                fill_value_categorical=None,
                                fill_value_numerical=None,
                                numeric_s...
                ('scaling', 'passthrough'), ('P_transform', 'passthrough'),
                ('binn', 'passthrough'), ('rem_outliers', 'passthrough'),
                ('cluster_all', 'passthrough'),
                ('dummy', Dummify(target='consumo-diario')),
                ('fix_perfect', Remove_100(target='consumo-diario')),
                ('clean_names', Clean_Colum_Names()),
                ('feature_select', 'passthrough'), ('fix_multi', 'passthrough'),
                ('dfs', 'passthrough'), ('pca', 'passthrough')],
         verbose=False)
2020-11-01 05:16:54,016:INFO:setup() succesfully completed......................................
2020-11-01 05:16:57,939:INFO:Initializing compare_models()
2020-11-01 05:16:57,939:INFO:compare_models(include=None, fold=None, round=4, cross_validation=True, sort=R2, n_select=1, budget_time=None, turbo=True, errors=ignore, fit_kwargs=None, groups=None, verbose=True, display=None, exclude=None)
2020-11-01 05:16:57,939:INFO:Checking exceptions
2020-11-01 05:16:57,939:INFO:Preparing display monitor
2020-11-01 05:16:57,940:INFO:Preparing display monitor
2020-11-01 05:16:57,965:INFO:Initializing Linear Regression
2020-11-01 05:16:57,965:INFO:Total runtime is 1.923243204752604e-06 minutes
2020-11-01 05:16:57,972:INFO:SubProcess create_model() called ==================================
2020-11-01 05:16:57,972:INFO:Initializing create_model()
2020-11-01 05:16:57,972:INFO:create_model(estimator=lr, fold=KFold(n_splits=10, random_state=8467, shuffle=False), round=4, cross_validation=True, predict=True, fit_kwargs={}, groups=None, refit=False, verbose=False, system=False, metrics=None, display=<pycaret.internal.Display.Display object at 0x7f25e0aa4850>, kwargs={})
2020-11-01 05:16:57,972:INFO:Checking exceptions
2020-11-01 05:16:57,972:INFO:Importing libraries
2020-11-01 05:16:57,972:INFO:Copying training dataset
2020-11-01 05:16:57,974:INFO:Defining folds
2020-11-01 05:16:57,974:INFO:Declaring metric variables
2020-11-01 05:16:57,982:INFO:Importing untrained model
2020-11-01 05:16:57,988:INFO:Linear Regression Imported succesfully
2020-11-01 05:16:57,999:INFO:Starting cross validation
2020-11-01 05:16:58,002:INFO:Cross validating with KFold(n_splits=10, random_state=8467, shuffle=False), n_jobs=-1
2020-11-01 05:17:00,429:INFO:Calculating mean and std
2020-11-01 05:17:00,430:INFO:Creating metrics dataframe
2020-11-01 05:17:00,434:INFO:Uploading results into container
2020-11-01 05:17:00,434:INFO:Uploading model into container now
2020-11-01 05:17:00,434:INFO:create_model_container: 1
2020-11-01 05:17:00,434:INFO:master_model_container: 1
2020-11-01 05:17:00,434:INFO:display_container: 1
2020-11-01 05:17:00,435:INFO:LinearRegression(copy_X=True, fit_intercept=True, n_jobs=-1, normalize=False)
2020-11-01 05:17:00,435:INFO:create_model() succesfully completed......................................
2020-11-01 05:17:00,510:INFO:SubProcess create_model() end ==================================
2020-11-01 05:17:00,510:INFO:Creating metrics dataframe
2020-11-01 05:17:00,521:INFO:Initializing Lasso Regression
2020-11-01 05:17:00,522:INFO:Total runtime is 0.04261482954025269 minutes
2020-11-01 05:17:00,527:INFO:SubProcess create_model() called ==================================
2020-11-01 05:17:00,527:INFO:Initializing create_model()
2020-11-01 05:17:00,527:INFO:create_model(estimator=lasso, fold=KFold(n_splits=10, random_state=8467, shuffle=False), round=4, cross_validation=True, predict=True, fit_kwargs={}, groups=None, refit=False, verbose=False, system=False, metrics=None, display=<pycaret.internal.Display.Display object at 0x7f25e0aa4850>, kwargs={})
2020-11-01 05:17:00,527:INFO:Checking exceptions
2020-11-01 05:17:00,527:INFO:Importing libraries
2020-11-01 05:17:00,527:INFO:Copying training dataset
2020-11-01 05:17:00,529:INFO:Defining folds
2020-11-01 05:17:00,529:INFO:Declaring metric variables
2020-11-01 05:17:00,537:INFO:Importing untrained model
2020-11-01 05:17:00,544:INFO:Lasso Regression Imported succesfully
2020-11-01 05:17:00,561:INFO:Starting cross validation
2020-11-01 05:17:00,562:INFO:Cross validating with KFold(n_splits=10, random_state=8467, shuffle=False), n_jobs=-1
2020-11-01 05:17:01,452:INFO:Calculating mean and std
2020-11-01 05:17:01,453:INFO:Creating metrics dataframe
2020-11-01 05:17:01,456:INFO:Uploading results into container
2020-11-01 05:17:01,456:INFO:Uploading model into container now
2020-11-01 05:17:01,456:INFO:create_model_container: 2
2020-11-01 05:17:01,456:INFO:master_model_container: 2
2020-11-01 05:17:01,456:INFO:display_container: 1
2020-11-01 05:17:01,457:INFO:Lasso(alpha=1.0, copy_X=True, fit_intercept=True, max_iter=1000,
      normalize=False, positive=False, precompute=False, random_state=8467,
      selection='cyclic', tol=0.0001, warm_start=False)
2020-11-01 05:17:01,457:INFO:create_model() succesfully completed......................................
2020-11-01 05:17:01,505:INFO:SubProcess create_model() end ==================================
2020-11-01 05:17:01,505:INFO:Creating metrics dataframe
2020-11-01 05:17:01,517:INFO:Initializing Ridge Regression
2020-11-01 05:17:01,517:INFO:Total runtime is 0.059208035469055176 minutes
2020-11-01 05:17:01,523:INFO:SubProcess create_model() called ==================================
2020-11-01 05:17:01,523:INFO:Initializing create_model()
2020-11-01 05:17:01,523:INFO:create_model(estimator=ridge, fold=KFold(n_splits=10, random_state=8467, shuffle=False), round=4, cross_validation=True, predict=True, fit_kwargs={}, groups=None, refit=False, verbose=False, system=False, metrics=None, display=<pycaret.internal.Display.Display object at 0x7f25e0aa4850>, kwargs={})
2020-11-01 05:17:01,523:INFO:Checking exceptions
2020-11-01 05:17:01,523:INFO:Importing libraries
2020-11-01 05:17:01,523:INFO:Copying training dataset
2020-11-01 05:17:01,524:INFO:Defining folds
2020-11-01 05:17:01,524:INFO:Declaring metric variables
2020-11-01 05:17:01,531:INFO:Importing untrained model
2020-11-01 05:17:01,537:INFO:Ridge Regression Imported succesfully
2020-11-01 05:17:01,551:INFO:Starting cross validation
2020-11-01 05:17:01,551:INFO:Cross validating with KFold(n_splits=10, random_state=8467, shuffle=False), n_jobs=-1
2020-11-01 05:17:01,757:INFO:Calculating mean and std
2020-11-01 05:17:01,758:INFO:Creating metrics dataframe
2020-11-01 05:17:01,761:INFO:Uploading results into container
2020-11-01 05:17:01,761:INFO:Uploading model into container now
2020-11-01 05:17:01,761:INFO:create_model_container: 3
2020-11-01 05:17:01,761:INFO:master_model_container: 3
2020-11-01 05:17:01,761:INFO:display_container: 1
2020-11-01 05:17:01,761:INFO:Ridge(alpha=1.0, copy_X=True, fit_intercept=True, max_iter=None,
      normalize=False, random_state=8467, solver='auto', tol=0.001)
2020-11-01 05:17:01,761:INFO:create_model() succesfully completed......................................
2020-11-01 05:17:01,807:INFO:SubProcess create_model() end ==================================
2020-11-01 05:17:01,807:INFO:Creating metrics dataframe
2020-11-01 05:17:01,819:INFO:Initializing Elastic Net
2020-11-01 05:17:01,819:INFO:Total runtime is 0.06423689126968384 minutes
2020-11-01 05:17:01,824:INFO:SubProcess create_model() called ==================================
2020-11-01 05:17:01,825:INFO:Initializing create_model()
2020-11-01 05:17:01,825:INFO:create_model(estimator=en, fold=KFold(n_splits=10, random_state=8467, shuffle=False), round=4, cross_validation=True, predict=True, fit_kwargs={}, groups=None, refit=False, verbose=False, system=False, metrics=None, display=<pycaret.internal.Display.Display object at 0x7f25e0aa4850>, kwargs={})
2020-11-01 05:17:01,825:INFO:Checking exceptions
2020-11-01 05:17:01,825:INFO:Importing libraries
2020-11-01 05:17:01,825:INFO:Copying training dataset
2020-11-01 05:17:01,825:INFO:Defining folds
2020-11-01 05:17:01,826:INFO:Declaring metric variables
2020-11-01 05:17:01,830:INFO:Importing untrained model
2020-11-01 05:17:01,835:INFO:Elastic Net Imported succesfully
2020-11-01 05:17:01,844:INFO:Starting cross validation
2020-11-01 05:17:01,844:INFO:Cross validating with KFold(n_splits=10, random_state=8467, shuffle=False), n_jobs=-1
2020-11-01 05:17:02,003:INFO:Calculating mean and std
2020-11-01 05:17:02,005:INFO:Creating metrics dataframe
2020-11-01 05:17:02,018:INFO:Uploading results into container
2020-11-01 05:17:02,018:INFO:Uploading model into container now
2020-11-01 05:17:02,018:INFO:create_model_container: 4
2020-11-01 05:17:02,018:INFO:master_model_container: 4
2020-11-01 05:17:02,019:INFO:display_container: 1
2020-11-01 05:17:02,020:INFO:ElasticNet(alpha=1.0, copy_X=True, fit_intercept=True, l1_ratio=0.5,
           max_iter=1000, normalize=False, positive=False, precompute=False,
           random_state=8467, selection='cyclic', tol=0.0001, warm_start=False)
2020-11-01 05:17:02,020:INFO:create_model() succesfully completed......................................
2020-11-01 05:17:02,087:INFO:SubProcess create_model() end ==================================
2020-11-01 05:17:02,087:INFO:Creating metrics dataframe
2020-11-01 05:17:02,100:INFO:Initializing Least Angle Regression
2020-11-01 05:17:02,100:INFO:Total runtime is 0.068919305006663 minutes
2020-11-01 05:17:02,106:INFO:SubProcess create_model() called ==================================
2020-11-01 05:17:02,106:INFO:Initializing create_model()
2020-11-01 05:17:02,106:INFO:create_model(estimator=lar, fold=KFold(n_splits=10, random_state=8467, shuffle=False), round=4, cross_validation=True, predict=True, fit_kwargs={}, groups=None, refit=False, verbose=False, system=False, metrics=None, display=<pycaret.internal.Display.Display object at 0x7f25e0aa4850>, kwargs={})
2020-11-01 05:17:02,106:INFO:Checking exceptions
2020-11-01 05:17:02,106:INFO:Importing libraries
2020-11-01 05:17:02,106:INFO:Copying training dataset
2020-11-01 05:17:02,107:INFO:Defining folds
2020-11-01 05:17:02,107:INFO:Declaring metric variables
2020-11-01 05:17:02,113:INFO:Importing untrained model
2020-11-01 05:17:02,119:INFO:Least Angle Regression Imported succesfully
2020-11-01 05:17:02,133:INFO:Starting cross validation
2020-11-01 05:17:02,134:INFO:Cross validating with KFold(n_splits=10, random_state=8467, shuffle=False), n_jobs=-1
2020-11-01 05:17:02,290:INFO:Calculating mean and std
2020-11-01 05:17:02,293:INFO:Creating metrics dataframe
2020-11-01 05:17:02,305:INFO:Uploading results into container
2020-11-01 05:17:02,305:INFO:Uploading model into container now
2020-11-01 05:17:02,305:INFO:create_model_container: 5
2020-11-01 05:17:02,305:INFO:master_model_container: 5
2020-11-01 05:17:02,306:INFO:display_container: 1
2020-11-01 05:17:02,306:INFO:Lars(copy_X=True, eps=2.220446049250313e-16, fit_intercept=True, fit_path=True,
     jitter=None, n_nonzero_coefs=500, normalize=True, precompute='auto',
     random_state=8467, verbose=False)
2020-11-01 05:17:02,307:INFO:create_model() succesfully completed......................................
2020-11-01 05:17:02,373:INFO:SubProcess create_model() end ==================================
2020-11-01 05:17:02,373:INFO:Creating metrics dataframe
2020-11-01 05:17:02,385:INFO:Initializing Lasso Least Angle Regression
2020-11-01 05:17:02,385:INFO:Total runtime is 0.07367736498514811 minutes
2020-11-01 05:17:02,391:INFO:SubProcess create_model() called ==================================
2020-11-01 05:17:02,391:INFO:Initializing create_model()
2020-11-01 05:17:02,391:INFO:create_model(estimator=llar, fold=KFold(n_splits=10, random_state=8467, shuffle=False), round=4, cross_validation=True, predict=True, fit_kwargs={}, groups=None, refit=False, verbose=False, system=False, metrics=None, display=<pycaret.internal.Display.Display object at 0x7f25e0aa4850>, kwargs={})
2020-11-01 05:17:02,391:INFO:Checking exceptions
2020-11-01 05:17:02,391:INFO:Importing libraries
2020-11-01 05:17:02,391:INFO:Copying training dataset
2020-11-01 05:17:02,392:INFO:Defining folds
2020-11-01 05:17:02,392:INFO:Declaring metric variables
2020-11-01 05:17:02,399:INFO:Importing untrained model
2020-11-01 05:17:02,405:INFO:Lasso Least Angle Regression Imported succesfully
2020-11-01 05:17:02,419:INFO:Starting cross validation
2020-11-01 05:17:02,419:INFO:Cross validating with KFold(n_splits=10, random_state=8467, shuffle=False), n_jobs=-1
2020-11-01 05:17:02,572:INFO:Calculating mean and std
2020-11-01 05:17:02,573:INFO:Creating metrics dataframe
2020-11-01 05:17:02,576:INFO:Uploading results into container
2020-11-01 05:17:02,576:INFO:Uploading model into container now
2020-11-01 05:17:02,576:INFO:create_model_container: 6
2020-11-01 05:17:02,576:INFO:master_model_container: 6
2020-11-01 05:17:02,576:INFO:display_container: 1
2020-11-01 05:17:02,576:INFO:LassoLars(alpha=1.0, copy_X=True, eps=2.220446049250313e-16, fit_intercept=True,
          fit_path=True, jitter=None, max_iter=500, normalize=True,
          positive=False, precompute='auto', random_state=8467, verbose=False)
2020-11-01 05:17:02,576:INFO:create_model() succesfully completed......................................
2020-11-01 05:17:02,626:INFO:SubProcess create_model() end ==================================
2020-11-01 05:17:02,626:INFO:Creating metrics dataframe
2020-11-01 05:17:02,638:INFO:Initializing Orthogonal Matching Pursuit
2020-11-01 05:17:02,638:INFO:Total runtime is 0.07788822650909424 minutes
2020-11-01 05:17:02,643:INFO:SubProcess create_model() called ==================================
2020-11-01 05:17:02,643:INFO:Initializing create_model()
2020-11-01 05:17:02,643:INFO:create_model(estimator=omp, fold=KFold(n_splits=10, random_state=8467, shuffle=False), round=4, cross_validation=True, predict=True, fit_kwargs={}, groups=None, refit=False, verbose=False, system=False, metrics=None, display=<pycaret.internal.Display.Display object at 0x7f25e0aa4850>, kwargs={})
2020-11-01 05:17:02,644:INFO:Checking exceptions
2020-11-01 05:17:02,644:INFO:Importing libraries
2020-11-01 05:17:02,644:INFO:Copying training dataset
2020-11-01 05:17:02,644:INFO:Defining folds
2020-11-01 05:17:02,644:INFO:Declaring metric variables
2020-11-01 05:17:02,650:INFO:Importing untrained model
2020-11-01 05:17:02,657:INFO:Orthogonal Matching Pursuit Imported succesfully
2020-11-01 05:17:02,668:INFO:Starting cross validation
2020-11-01 05:17:02,669:INFO:Cross validating with KFold(n_splits=10, random_state=8467, shuffle=False), n_jobs=-1
2020-11-01 05:17:02,823:INFO:Calculating mean and std
2020-11-01 05:17:02,824:INFO:Creating metrics dataframe
2020-11-01 05:17:02,831:INFO:Uploading results into container
2020-11-01 05:17:02,831:INFO:Uploading model into container now
2020-11-01 05:17:02,831:INFO:create_model_container: 7
2020-11-01 05:17:02,831:INFO:master_model_container: 7
2020-11-01 05:17:02,831:INFO:display_container: 1
2020-11-01 05:17:02,831:INFO:OrthogonalMatchingPursuit(fit_intercept=True, n_nonzero_coefs=None,
                          normalize=True, precompute='auto', tol=None)
2020-11-01 05:17:02,832:INFO:create_model() succesfully completed......................................
2020-11-01 05:17:02,903:INFO:SubProcess create_model() end ==================================
2020-11-01 05:17:02,903:INFO:Creating metrics dataframe
2020-11-01 05:17:02,915:INFO:Initializing Bayesian Ridge
2020-11-01 05:17:02,915:INFO:Total runtime is 0.08251435756683351 minutes
2020-11-01 05:17:02,921:INFO:SubProcess create_model() called ==================================
2020-11-01 05:17:02,921:INFO:Initializing create_model()
2020-11-01 05:17:02,921:INFO:create_model(estimator=br, fold=KFold(n_splits=10, random_state=8467, shuffle=False), round=4, cross_validation=True, predict=True, fit_kwargs={}, groups=None, refit=False, verbose=False, system=False, metrics=None, display=<pycaret.internal.Display.Display object at 0x7f25e0aa4850>, kwargs={})
2020-11-01 05:17:02,921:INFO:Checking exceptions
2020-11-01 05:17:02,921:INFO:Importing libraries
2020-11-01 05:17:02,921:INFO:Copying training dataset
2020-11-01 05:17:02,922:INFO:Defining folds
2020-11-01 05:17:02,922:INFO:Declaring metric variables
2020-11-01 05:17:02,928:INFO:Importing untrained model
2020-11-01 05:17:02,935:INFO:Bayesian Ridge Imported succesfully
2020-11-01 05:17:02,949:INFO:Starting cross validation
2020-11-01 05:17:02,949:INFO:Cross validating with KFold(n_splits=10, random_state=8467, shuffle=False), n_jobs=-1
2020-11-01 05:17:03,069:INFO:Calculating mean and std
2020-11-01 05:17:03,070:INFO:Creating metrics dataframe
2020-11-01 05:17:03,077:INFO:Uploading results into container
2020-11-01 05:17:03,077:INFO:Uploading model into container now
2020-11-01 05:17:03,077:INFO:create_model_container: 8
2020-11-01 05:17:03,077:INFO:master_model_container: 8
2020-11-01 05:17:03,077:INFO:display_container: 1
2020-11-01 05:17:03,078:INFO:BayesianRidge(alpha_1=1e-06, alpha_2=1e-06, alpha_init=None,
              compute_score=False, copy_X=True, fit_intercept=True,
              lambda_1=1e-06, lambda_2=1e-06, lambda_init=None, n_iter=300,
              normalize=False, tol=0.001, verbose=False)
2020-11-01 05:17:03,078:INFO:create_model() succesfully completed......................................
2020-11-01 05:17:03,162:INFO:SubProcess create_model() end ==================================
2020-11-01 05:17:03,162:INFO:Creating metrics dataframe
2020-11-01 05:17:03,174:INFO:Initializing Passive Aggressive Regressor
2020-11-01 05:17:03,174:INFO:Total runtime is 0.08682239055633546 minutes
2020-11-01 05:17:03,180:INFO:SubProcess create_model() called ==================================
2020-11-01 05:17:03,180:INFO:Initializing create_model()
2020-11-01 05:17:03,180:INFO:create_model(estimator=par, fold=KFold(n_splits=10, random_state=8467, shuffle=False), round=4, cross_validation=True, predict=True, fit_kwargs={}, groups=None, refit=False, verbose=False, system=False, metrics=None, display=<pycaret.internal.Display.Display object at 0x7f25e0aa4850>, kwargs={})
2020-11-01 05:17:03,180:INFO:Checking exceptions
2020-11-01 05:17:03,180:INFO:Importing libraries
2020-11-01 05:17:03,180:INFO:Copying training dataset
2020-11-01 05:17:03,181:INFO:Defining folds
2020-11-01 05:17:03,181:INFO:Declaring metric variables
2020-11-01 05:17:03,186:INFO:Importing untrained model
2020-11-01 05:17:03,192:INFO:Passive Aggressive Regressor Imported succesfully
2020-11-01 05:17:03,203:INFO:Starting cross validation
2020-11-01 05:17:03,203:INFO:Cross validating with KFold(n_splits=10, random_state=8467, shuffle=False), n_jobs=-1
2020-11-01 05:17:03,430:INFO:Calculating mean and std
2020-11-01 05:17:03,430:INFO:Creating metrics dataframe
2020-11-01 05:17:03,433:INFO:Uploading results into container
2020-11-01 05:17:03,433:INFO:Uploading model into container now
2020-11-01 05:17:03,433:INFO:create_model_container: 9
2020-11-01 05:17:03,433:INFO:master_model_container: 9
2020-11-01 05:17:03,433:INFO:display_container: 1
2020-11-01 05:17:03,434:INFO:PassiveAggressiveRegressor(C=1.0, average=False, early_stopping=False,
                           epsilon=0.1, fit_intercept=True,
                           loss='epsilon_insensitive', max_iter=1000,
                           n_iter_no_change=5, random_state=8467, shuffle=True,
                           tol=0.001, validation_fraction=0.1, verbose=0,
                           warm_start=False)
2020-11-01 05:17:03,434:INFO:create_model() succesfully completed......................................
2020-11-01 05:17:03,481:INFO:SubProcess create_model() end ==================================
2020-11-01 05:17:03,481:INFO:Creating metrics dataframe
2020-11-01 05:17:03,495:INFO:Initializing Huber Regressor
2020-11-01 05:17:03,495:INFO:Total runtime is 0.09217427571614585 minutes
2020-11-01 05:17:03,501:INFO:SubProcess create_model() called ==================================
2020-11-01 05:17:03,501:INFO:Initializing create_model()
2020-11-01 05:17:03,501:INFO:create_model(estimator=huber, fold=KFold(n_splits=10, random_state=8467, shuffle=False), round=4, cross_validation=True, predict=True, fit_kwargs={}, groups=None, refit=False, verbose=False, system=False, metrics=None, display=<pycaret.internal.Display.Display object at 0x7f25e0aa4850>, kwargs={})
2020-11-01 05:17:03,501:INFO:Checking exceptions
2020-11-01 05:17:03,501:INFO:Importing libraries
2020-11-01 05:17:03,501:INFO:Copying training dataset
2020-11-01 05:17:03,502:INFO:Defining folds
2020-11-01 05:17:03,502:INFO:Declaring metric variables
2020-11-01 05:17:03,508:INFO:Importing untrained model
2020-11-01 05:17:03,516:INFO:Huber Regressor Imported succesfully
2020-11-01 05:17:03,530:INFO:Starting cross validation
2020-11-01 05:17:03,531:INFO:Cross validating with KFold(n_splits=10, random_state=8467, shuffle=False), n_jobs=-1
2020-11-01 05:17:03,972:INFO:Calculating mean and std
2020-11-01 05:17:03,973:INFO:Creating metrics dataframe
2020-11-01 05:17:03,977:INFO:Uploading results into container
2020-11-01 05:17:03,977:INFO:Uploading model into container now
2020-11-01 05:17:03,977:INFO:create_model_container: 10
2020-11-01 05:17:03,977:INFO:master_model_container: 10
2020-11-01 05:17:03,977:INFO:display_container: 1
2020-11-01 05:17:03,977:INFO:HuberRegressor(alpha=0.0001, epsilon=1.35, fit_intercept=True, max_iter=100,
               tol=1e-05, warm_start=False)
2020-11-01 05:17:03,978:INFO:create_model() succesfully completed......................................
2020-11-01 05:17:04,063:INFO:SubProcess create_model() end ==================================
2020-11-01 05:17:04,063:INFO:Creating metrics dataframe
2020-11-01 05:17:04,081:INFO:Initializing K Neighbors Regressor
2020-11-01 05:17:04,081:INFO:Total runtime is 0.10193354686101279 minutes
2020-11-01 05:17:04,086:INFO:SubProcess create_model() called ==================================
2020-11-01 05:17:04,087:INFO:Initializing create_model()
2020-11-01 05:17:04,087:INFO:create_model(estimator=knn, fold=KFold(n_splits=10, random_state=8467, shuffle=False), round=4, cross_validation=True, predict=True, fit_kwargs={}, groups=None, refit=False, verbose=False, system=False, metrics=None, display=<pycaret.internal.Display.Display object at 0x7f25e0aa4850>, kwargs={})
2020-11-01 05:17:04,087:INFO:Checking exceptions
2020-11-01 05:17:04,087:INFO:Importing libraries
2020-11-01 05:17:04,087:INFO:Copying training dataset
2020-11-01 05:17:04,088:INFO:Defining folds
2020-11-01 05:17:04,088:INFO:Declaring metric variables
2020-11-01 05:17:04,094:INFO:Importing untrained model
2020-11-01 05:17:04,104:INFO:K Neighbors Regressor Imported succesfully
2020-11-01 05:17:04,119:INFO:Starting cross validation
2020-11-01 05:17:04,120:INFO:Cross validating with KFold(n_splits=10, random_state=8467, shuffle=False), n_jobs=-1
2020-11-01 05:17:08,267:INFO:Calculating mean and std
2020-11-01 05:17:08,268:INFO:Creating metrics dataframe
2020-11-01 05:17:08,271:INFO:Uploading results into container
2020-11-01 05:17:08,271:INFO:Uploading model into container now
2020-11-01 05:17:08,271:INFO:create_model_container: 11
2020-11-01 05:17:08,272:INFO:master_model_container: 11
2020-11-01 05:17:08,272:INFO:display_container: 1
2020-11-01 05:17:08,272:INFO:KNeighborsRegressor(algorithm='auto', leaf_size=30, metric='minkowski',
                    metric_params=None, n_jobs=-1, n_neighbors=5, p=2,
                    weights='uniform')
2020-11-01 05:17:08,272:INFO:create_model() succesfully completed......................................
2020-11-01 05:17:08,344:INFO:SubProcess create_model() end ==================================
2020-11-01 05:17:08,344:INFO:Creating metrics dataframe
2020-11-01 05:17:08,374:INFO:Initializing Decision Tree Regressor
2020-11-01 05:17:08,374:INFO:Total runtime is 0.17348304986953736 minutes
2020-11-01 05:17:08,382:INFO:SubProcess create_model() called ==================================
2020-11-01 05:17:08,382:INFO:Initializing create_model()
2020-11-01 05:17:08,382:INFO:create_model(estimator=dt, fold=KFold(n_splits=10, random_state=8467, shuffle=False), round=4, cross_validation=True, predict=True, fit_kwargs={}, groups=None, refit=False, verbose=False, system=False, metrics=None, display=<pycaret.internal.Display.Display object at 0x7f25e0aa4850>, kwargs={})
2020-11-01 05:17:08,382:INFO:Checking exceptions
2020-11-01 05:17:08,382:INFO:Importing libraries
2020-11-01 05:17:08,382:INFO:Copying training dataset
2020-11-01 05:17:08,383:INFO:Defining folds
2020-11-01 05:17:08,383:INFO:Declaring metric variables
2020-11-01 05:17:08,389:INFO:Importing untrained model
2020-11-01 05:17:08,397:INFO:Decision Tree Regressor Imported succesfully
2020-11-01 05:17:08,410:INFO:Starting cross validation
2020-11-01 05:17:08,411:INFO:Cross validating with KFold(n_splits=10, random_state=8467, shuffle=False), n_jobs=-1
2020-11-01 05:17:08,605:INFO:Calculating mean and std
2020-11-01 05:17:08,606:INFO:Creating metrics dataframe
2020-11-01 05:17:08,609:INFO:Uploading results into container
2020-11-01 05:17:08,609:INFO:Uploading model into container now
2020-11-01 05:17:08,609:INFO:create_model_container: 12
2020-11-01 05:17:08,609:INFO:master_model_container: 12
2020-11-01 05:17:08,609:INFO:display_container: 1
2020-11-01 05:17:08,609:INFO:DecisionTreeRegressor(ccp_alpha=0.0, criterion='mse', max_depth=None,
                      max_features=None, max_leaf_nodes=None,
                      min_impurity_decrease=0.0, min_impurity_split=None,
                      min_samples_leaf=1, min_samples_split=2,
                      min_weight_fraction_leaf=0.0, presort='deprecated',
                      random_state=8467, splitter='best')
2020-11-01 05:17:08,609:INFO:create_model() succesfully completed......................................
2020-11-01 05:17:08,655:INFO:SubProcess create_model() end ==================================
2020-11-01 05:17:08,655:INFO:Creating metrics dataframe
2020-11-01 05:17:08,670:INFO:Initializing Random Forest Regressor
2020-11-01 05:17:08,670:INFO:Total runtime is 0.17842599550882976 minutes
2020-11-01 05:17:08,675:INFO:SubProcess create_model() called ==================================
2020-11-01 05:17:08,676:INFO:Initializing create_model()
2020-11-01 05:17:08,676:INFO:create_model(estimator=rf, fold=KFold(n_splits=10, random_state=8467, shuffle=False), round=4, cross_validation=True, predict=True, fit_kwargs={}, groups=None, refit=False, verbose=False, system=False, metrics=None, display=<pycaret.internal.Display.Display object at 0x7f25e0aa4850>, kwargs={})
2020-11-01 05:17:08,676:INFO:Checking exceptions
2020-11-01 05:17:08,676:INFO:Importing libraries
2020-11-01 05:17:08,676:INFO:Copying training dataset
2020-11-01 05:17:08,676:INFO:Defining folds
2020-11-01 05:17:08,677:INFO:Declaring metric variables
2020-11-01 05:17:08,681:INFO:Importing untrained model
2020-11-01 05:17:08,686:INFO:Random Forest Regressor Imported succesfully
2020-11-01 05:17:08,696:INFO:Starting cross validation
2020-11-01 05:17:08,696:INFO:Cross validating with KFold(n_splits=10, random_state=8467, shuffle=False), n_jobs=-1
2020-11-01 05:17:11,771:INFO:Calculating mean and std
2020-11-01 05:17:11,772:INFO:Creating metrics dataframe
2020-11-01 05:17:11,777:INFO:Uploading results into container
2020-11-01 05:17:11,777:INFO:Uploading model into container now
2020-11-01 05:17:11,777:INFO:create_model_container: 13
2020-11-01 05:17:11,777:INFO:master_model_container: 13
2020-11-01 05:17:11,777:INFO:display_container: 1
2020-11-01 05:17:11,778:INFO:RandomForestRegressor(bootstrap=True, ccp_alpha=0.0, criterion='mse',
                      max_depth=None, max_features='auto', max_leaf_nodes=None,
                      max_samples=None, min_impurity_decrease=0.0,
                      min_impurity_split=None, min_samples_leaf=1,
                      min_samples_split=2, min_weight_fraction_leaf=0.0,
                      n_estimators=100, n_jobs=-1, oob_score=False,
                      random_state=8467, verbose=0, warm_start=False)
2020-11-01 05:17:11,778:INFO:create_model() succesfully completed......................................
2020-11-01 05:17:11,867:INFO:SubProcess create_model() end ==================================
2020-11-01 05:17:11,867:INFO:Creating metrics dataframe
2020-11-01 05:17:11,889:INFO:Initializing Extra Trees Regressor
2020-11-01 05:17:11,889:INFO:Total runtime is 0.2320745309193929 minutes
2020-11-01 05:17:11,895:INFO:SubProcess create_model() called ==================================
2020-11-01 05:17:11,895:INFO:Initializing create_model()
2020-11-01 05:17:11,895:INFO:create_model(estimator=et, fold=KFold(n_splits=10, random_state=8467, shuffle=False), round=4, cross_validation=True, predict=True, fit_kwargs={}, groups=None, refit=False, verbose=False, system=False, metrics=None, display=<pycaret.internal.Display.Display object at 0x7f25e0aa4850>, kwargs={})
2020-11-01 05:17:11,895:INFO:Checking exceptions
2020-11-01 05:17:11,895:INFO:Importing libraries
2020-11-01 05:17:11,895:INFO:Copying training dataset
2020-11-01 05:17:11,896:INFO:Defining folds
2020-11-01 05:17:11,896:INFO:Declaring metric variables
2020-11-01 05:17:11,901:INFO:Importing untrained model
2020-11-01 05:17:11,908:INFO:Extra Trees Regressor Imported succesfully
2020-11-01 05:17:11,922:INFO:Starting cross validation
2020-11-01 05:17:11,923:INFO:Cross validating with KFold(n_splits=10, random_state=8467, shuffle=False), n_jobs=-1
2020-11-01 05:17:15,272:INFO:Calculating mean and std
2020-11-01 05:17:15,272:INFO:Creating metrics dataframe
2020-11-01 05:17:15,276:INFO:Uploading results into container
2020-11-01 05:17:15,276:INFO:Uploading model into container now
2020-11-01 05:17:15,276:INFO:create_model_container: 14
2020-11-01 05:17:15,276:INFO:master_model_container: 14
2020-11-01 05:17:15,276:INFO:display_container: 1
2020-11-01 05:17:15,277:INFO:ExtraTreesRegressor(bootstrap=False, ccp_alpha=0.0, criterion='mse',
                    max_depth=None, max_features='auto', max_leaf_nodes=None,
                    max_samples=None, min_impurity_decrease=0.0,
                    min_impurity_split=None, min_samples_leaf=1,
                    min_samples_split=2, min_weight_fraction_leaf=0.0,
                    n_estimators=100, n_jobs=-1, oob_score=False,
                    random_state=8467, verbose=0, warm_start=False)
2020-11-01 05:17:15,277:INFO:create_model() succesfully completed......................................
2020-11-01 05:17:15,352:INFO:SubProcess create_model() end ==================================
2020-11-01 05:17:15,352:INFO:Creating metrics dataframe
2020-11-01 05:17:15,385:INFO:Initializing AdaBoost Regressor
2020-11-01 05:17:15,385:INFO:Total runtime is 0.290335214138031 minutes
2020-11-01 05:17:15,393:INFO:SubProcess create_model() called ==================================
2020-11-01 05:17:15,393:INFO:Initializing create_model()
2020-11-01 05:17:15,393:INFO:create_model(estimator=ada, fold=KFold(n_splits=10, random_state=8467, shuffle=False), round=4, cross_validation=True, predict=True, fit_kwargs={}, groups=None, refit=False, verbose=False, system=False, metrics=None, display=<pycaret.internal.Display.Display object at 0x7f25e0aa4850>, kwargs={})
2020-11-01 05:17:15,393:INFO:Checking exceptions
2020-11-01 05:17:15,393:INFO:Importing libraries
2020-11-01 05:17:15,393:INFO:Copying training dataset
2020-11-01 05:17:15,394:INFO:Defining folds
2020-11-01 05:17:15,394:INFO:Declaring metric variables
2020-11-01 05:17:15,401:INFO:Importing untrained model
2020-11-01 05:17:15,408:INFO:AdaBoost Regressor Imported succesfully
2020-11-01 05:17:15,427:INFO:Starting cross validation
2020-11-01 05:17:15,427:INFO:Cross validating with KFold(n_splits=10, random_state=8467, shuffle=False), n_jobs=-1
2020-11-01 05:17:16,014:INFO:Calculating mean and std
2020-11-01 05:17:16,015:INFO:Creating metrics dataframe
2020-11-01 05:17:16,018:INFO:Uploading results into container
2020-11-01 05:17:16,018:INFO:Uploading model into container now
2020-11-01 05:17:16,018:INFO:create_model_container: 15
2020-11-01 05:17:16,018:INFO:master_model_container: 15
2020-11-01 05:17:16,018:INFO:display_container: 1
2020-11-01 05:17:16,019:INFO:AdaBoostRegressor(base_estimator=None, learning_rate=1.0, loss='linear',
                  n_estimators=50, random_state=8467)
2020-11-01 05:17:16,019:INFO:create_model() succesfully completed......................................
2020-11-01 05:17:16,081:INFO:SubProcess create_model() end ==================================
2020-11-01 05:17:16,081:INFO:Creating metrics dataframe
2020-11-01 05:17:16,100:INFO:Initializing Gradient Boosting Regressor
2020-11-01 05:17:16,100:INFO:Total runtime is 0.30226087967554727 minutes
2020-11-01 05:17:16,106:INFO:SubProcess create_model() called ==================================
2020-11-01 05:17:16,106:INFO:Initializing create_model()
2020-11-01 05:17:16,106:INFO:create_model(estimator=gbr, fold=KFold(n_splits=10, random_state=8467, shuffle=False), round=4, cross_validation=True, predict=True, fit_kwargs={}, groups=None, refit=False, verbose=False, system=False, metrics=None, display=<pycaret.internal.Display.Display object at 0x7f25e0aa4850>, kwargs={})
2020-11-01 05:17:16,106:INFO:Checking exceptions
2020-11-01 05:17:16,106:INFO:Importing libraries
2020-11-01 05:17:16,106:INFO:Copying training dataset
2020-11-01 05:17:16,107:INFO:Defining folds
2020-11-01 05:17:16,107:INFO:Declaring metric variables
2020-11-01 05:17:16,112:INFO:Importing untrained model
2020-11-01 05:17:16,119:INFO:Gradient Boosting Regressor Imported succesfully
2020-11-01 05:17:16,134:INFO:Starting cross validation
2020-11-01 05:17:16,134:INFO:Cross validating with KFold(n_splits=10, random_state=8467, shuffle=False), n_jobs=-1
2020-11-01 05:17:17,788:INFO:Calculating mean and std
2020-11-01 05:17:17,789:INFO:Creating metrics dataframe
2020-11-01 05:17:17,792:INFO:Uploading results into container
2020-11-01 05:17:17,792:INFO:Uploading model into container now
2020-11-01 05:17:17,793:INFO:create_model_container: 16
2020-11-01 05:17:17,793:INFO:master_model_container: 16
2020-11-01 05:17:17,793:INFO:display_container: 1
2020-11-01 05:17:17,793:INFO:GradientBoostingRegressor(alpha=0.9, ccp_alpha=0.0, criterion='friedman_mse',
                          init=None, learning_rate=0.1, loss='ls', max_depth=3,
                          max_features=None, max_leaf_nodes=None,
                          min_impurity_decrease=0.0, min_impurity_split=None,
                          min_samples_leaf=1, min_samples_split=2,
                          min_weight_fraction_leaf=0.0, n_estimators=100,
                          n_iter_no_change=None, presort='deprecated',
                          random_state=8467, subsample=1.0, tol=0.0001,
                          validation_fraction=0.1, verbose=0, warm_start=False)
2020-11-01 05:17:17,793:INFO:create_model() succesfully completed......................................
2020-11-01 05:17:17,849:INFO:SubProcess create_model() end ==================================
2020-11-01 05:17:17,849:INFO:Creating metrics dataframe
2020-11-01 05:17:17,866:INFO:Initializing Extreme Gradient Boosting
2020-11-01 05:17:17,866:INFO:Total runtime is 0.33169186909993487 minutes
2020-11-01 05:17:17,871:INFO:SubProcess create_model() called ==================================
2020-11-01 05:17:17,872:INFO:Initializing create_model()
2020-11-01 05:17:17,872:INFO:create_model(estimator=xgboost, fold=KFold(n_splits=10, random_state=8467, shuffle=False), round=4, cross_validation=True, predict=True, fit_kwargs={}, groups=None, refit=False, verbose=False, system=False, metrics=None, display=<pycaret.internal.Display.Display object at 0x7f25e0aa4850>, kwargs={})
2020-11-01 05:17:17,872:INFO:Checking exceptions
2020-11-01 05:17:17,872:INFO:Importing libraries
2020-11-01 05:17:17,872:INFO:Copying training dataset
2020-11-01 05:17:17,872:INFO:Defining folds
2020-11-01 05:17:17,873:INFO:Declaring metric variables
2020-11-01 05:17:17,878:INFO:Importing untrained model
2020-11-01 05:17:17,884:INFO:Extreme Gradient Boosting Imported succesfully
2020-11-01 05:17:17,900:INFO:Starting cross validation
2020-11-01 05:17:17,901:INFO:Cross validating with KFold(n_splits=10, random_state=8467, shuffle=False), n_jobs=-1
2020-11-01 05:17:22,033:INFO:Calculating mean and std
2020-11-01 05:17:22,034:INFO:Creating metrics dataframe
2020-11-01 05:17:22,037:INFO:Uploading results into container
2020-11-01 05:17:22,037:INFO:Uploading model into container now
2020-11-01 05:17:22,037:INFO:create_model_container: 17
2020-11-01 05:17:22,037:INFO:master_model_container: 17
2020-11-01 05:17:22,037:INFO:display_container: 1
2020-11-01 05:17:22,037:INFO:XGBRegressor(base_score=None, booster='gbtree', colsample_bylevel=None,
             colsample_bynode=None, colsample_bytree=None, gamma=None,
             gpu_id=None, importance_type='gain', interaction_constraints=None,
             learning_rate=None, max_delta_step=None, max_depth=None,
             min_child_weight=None, missing=nan, monotone_constraints=None,
             n_estimators=100, n_jobs=-1, num_parallel_tree=None,
             objective='reg:squarederror', random_state=8467, reg_alpha=None,
             reg_lambda=None, scale_pos_weight=None, subsample=None,
             tree_method='auto', validate_parameters=None, verbosity=0)
2020-11-01 05:17:22,037:INFO:create_model() succesfully completed......................................
2020-11-01 05:17:22,085:INFO:SubProcess create_model() end ==================================
2020-11-01 05:17:22,085:INFO:Creating metrics dataframe
2020-11-01 05:17:22,100:INFO:Initializing Light Gradient Boosting Machine
2020-11-01 05:17:22,100:INFO:Total runtime is 0.4022573590278625 minutes
2020-11-01 05:17:22,105:INFO:SubProcess create_model() called ==================================
2020-11-01 05:17:22,106:INFO:Initializing create_model()
2020-11-01 05:17:22,106:INFO:create_model(estimator=lightgbm, fold=KFold(n_splits=10, random_state=8467, shuffle=False), round=4, cross_validation=True, predict=True, fit_kwargs={}, groups=None, refit=False, verbose=False, system=False, metrics=None, display=<pycaret.internal.Display.Display object at 0x7f25e0aa4850>, kwargs={})
2020-11-01 05:17:22,106:INFO:Checking exceptions
2020-11-01 05:17:22,106:INFO:Importing libraries
2020-11-01 05:17:22,106:INFO:Copying training dataset
2020-11-01 05:17:22,107:INFO:Defining folds
2020-11-01 05:17:22,107:INFO:Declaring metric variables
2020-11-01 05:17:22,112:INFO:Importing untrained model
2020-11-01 05:17:22,119:INFO:Light Gradient Boosting Machine Imported succesfully
2020-11-01 05:17:22,142:INFO:Starting cross validation
2020-11-01 05:17:22,143:INFO:Cross validating with KFold(n_splits=10, random_state=8467, shuffle=False), n_jobs=-1
2020-11-01 05:17:22,572:INFO:Calculating mean and std
2020-11-01 05:17:22,573:INFO:Creating metrics dataframe
2020-11-01 05:17:22,576:INFO:Uploading results into container
2020-11-01 05:17:22,576:INFO:Uploading model into container now
2020-11-01 05:17:22,576:INFO:create_model_container: 18
2020-11-01 05:17:22,576:INFO:master_model_container: 18
2020-11-01 05:17:22,576:INFO:display_container: 1
2020-11-01 05:17:22,576:INFO:LGBMRegressor(boosting_type='gbdt', class_weight=None, colsample_bytree=1.0,
              importance_type='split', learning_rate=0.1, max_depth=-1,
              min_child_samples=20, min_child_weight=0.001, min_split_gain=0.0,
              n_estimators=100, n_jobs=-1, num_leaves=31, objective=None,
              random_state=8467, reg_alpha=0.0, reg_lambda=0.0, silent=True,
              subsample=1.0, subsample_for_bin=200000, subsample_freq=0)
2020-11-01 05:17:22,576:INFO:create_model() succesfully completed......................................
2020-11-01 05:17:22,633:INFO:SubProcess create_model() end ==================================
2020-11-01 05:17:22,633:INFO:Creating metrics dataframe
2020-11-01 05:17:22,657:INFO:Initializing CatBoost Regressor
2020-11-01 05:17:22,657:INFO:Total runtime is 0.4115463376045227 minutes
2020-11-01 05:17:22,663:INFO:SubProcess create_model() called ==================================
2020-11-01 05:17:22,663:INFO:Initializing create_model()
2020-11-01 05:17:22,663:INFO:create_model(estimator=catboost, fold=KFold(n_splits=10, random_state=8467, shuffle=False), round=4, cross_validation=True, predict=True, fit_kwargs={}, groups=None, refit=False, verbose=False, system=False, metrics=None, display=<pycaret.internal.Display.Display object at 0x7f25e0aa4850>, kwargs={})
2020-11-01 05:17:22,663:INFO:Checking exceptions
2020-11-01 05:17:22,663:INFO:Importing libraries
2020-11-01 05:17:22,663:INFO:Copying training dataset
2020-11-01 05:17:22,664:INFO:Defining folds
2020-11-01 05:17:22,664:INFO:Declaring metric variables
2020-11-01 05:17:22,670:INFO:Importing untrained model
2020-11-01 05:17:22,676:INFO:CatBoost Regressor Imported succesfully
2020-11-01 05:17:22,692:INFO:Starting cross validation
2020-11-01 05:17:22,693:INFO:Cross validating with KFold(n_splits=10, random_state=8467, shuffle=False), n_jobs=-1
2020-11-01 05:18:02,783:INFO:Calculating mean and std
2020-11-01 05:18:02,784:INFO:Creating metrics dataframe
2020-11-01 05:18:02,787:INFO:Uploading results into container
2020-11-01 05:18:02,787:INFO:Uploading model into container now
2020-11-01 05:18:02,787:INFO:create_model_container: 19
2020-11-01 05:18:02,788:INFO:master_model_container: 19
2020-11-01 05:18:02,788:INFO:display_container: 1
2020-11-01 05:18:02,788:INFO:<catboost.core.CatBoostRegressor object at 0x7f25cfe20520>
2020-11-01 05:18:02,788:INFO:create_model() succesfully completed......................................
2020-11-01 05:18:02,860:INFO:SubProcess create_model() end ==================================
2020-11-01 05:18:02,860:INFO:Creating metrics dataframe
2020-11-01 05:18:02,906:INFO:Initializing create_model()
2020-11-01 05:18:02,906:INFO:create_model(estimator=DecisionTreeRegressor(ccp_alpha=0.0, criterion='mse', max_depth=None,
                      max_features=None, max_leaf_nodes=None,
                      min_impurity_decrease=0.0, min_impurity_split=None,
                      min_samples_leaf=1, min_samples_split=2,
                      min_weight_fraction_leaf=0.0, presort='deprecated',
                      random_state=8467, splitter='best'), fold=KFold(n_splits=10, random_state=8467, shuffle=False), round=4, cross_validation=False, predict=False, fit_kwargs={}, groups=None, refit=True, verbose=False, system=False, metrics=None, display=None, kwargs={})
2020-11-01 05:18:02,906:INFO:Checking exceptions
2020-11-01 05:18:02,906:INFO:Importing libraries
2020-11-01 05:18:02,906:INFO:Copying training dataset
2020-11-01 05:18:02,906:INFO:Defining folds
2020-11-01 05:18:02,906:INFO:Declaring metric variables
2020-11-01 05:18:02,906:INFO:Importing untrained model
2020-11-01 05:18:02,907:INFO:Declaring custom model
2020-11-01 05:18:02,907:INFO:Decision Tree Regressor Imported succesfully
2020-11-01 05:18:02,907:INFO:Cross validation set to False
2020-11-01 05:18:02,907:INFO:Fitting Model
2020-11-01 05:18:02,933:INFO:DecisionTreeRegressor(ccp_alpha=0.0, criterion='mse', max_depth=None,
                      max_features=None, max_leaf_nodes=None,
                      min_impurity_decrease=0.0, min_impurity_split=None,
                      min_samples_leaf=1, min_samples_split=2,
                      min_weight_fraction_leaf=0.0, presort='deprecated',
                      random_state=8467, splitter='best')
2020-11-01 05:18:02,933:INFO:create_models() succesfully completed......................................
2020-11-01 05:18:03,030:INFO:create_model_container: 19
2020-11-01 05:18:03,030:INFO:master_model_container: 19
2020-11-01 05:18:03,030:INFO:display_container: 1
2020-11-01 05:18:03,030:INFO:DecisionTreeRegressor(ccp_alpha=0.0, criterion='mse', max_depth=None,
                      max_features=None, max_leaf_nodes=None,
                      min_impurity_decrease=0.0, min_impurity_split=None,
                      min_samples_leaf=1, min_samples_split=2,
                      min_weight_fraction_leaf=0.0, presort='deprecated',
                      random_state=8467, splitter='best')
2020-11-01 05:18:03,030:INFO:compare_models() succesfully completed......................................
2020-11-01 05:20:29,349:INFO:Initializing create_model()
2020-11-01 05:20:29,349:INFO:create_model(estimator=dt, fold=None, round=4, cross_validation=True, predict=True, fit_kwargs=None, groups=None, refit=True, verbose=True, system=True, metrics=None, display=None, kwargs={})
2020-11-01 05:20:29,349:INFO:Checking exceptions
2020-11-01 05:20:29,349:INFO:Preparing display monitor
2020-11-01 05:20:29,365:INFO:Importing libraries
2020-11-01 05:20:29,365:INFO:Copying training dataset
2020-11-01 05:20:29,366:INFO:Defining folds
2020-11-01 05:20:29,366:INFO:Declaring metric variables
2020-11-01 05:20:29,372:INFO:Importing untrained model
2020-11-01 05:20:29,380:INFO:Decision Tree Regressor Imported succesfully
2020-11-01 05:20:29,397:INFO:Starting cross validation
2020-11-01 05:20:29,397:INFO:Cross validating with KFold(n_splits=10, random_state=8467, shuffle=False), n_jobs=-1
2020-11-01 05:20:29,610:INFO:Calculating mean and std
2020-11-01 05:20:29,611:INFO:Creating metrics dataframe
2020-11-01 05:20:29,619:INFO:Finalizing model
2020-11-01 05:20:29,641:INFO:Uploading results into container
2020-11-01 05:20:29,641:INFO:Uploading model into container now
2020-11-01 05:20:29,651:INFO:create_model_container: 20
2020-11-01 05:20:29,651:INFO:master_model_container: 20
2020-11-01 05:20:29,651:INFO:display_container: 2
2020-11-01 05:20:29,651:INFO:DecisionTreeRegressor(ccp_alpha=0.0, criterion='mse', max_depth=None,
                      max_features=None, max_leaf_nodes=None,
                      min_impurity_decrease=0.0, min_impurity_split=None,
                      min_samples_leaf=1, min_samples_split=2,
                      min_weight_fraction_leaf=0.0, presort='deprecated',
                      random_state=8467, splitter='best')
2020-11-01 05:20:29,651:INFO:create_model() succesfully completed......................................
2020-11-01 05:21:30,712:INFO:Initializing create_model()
2020-11-01 05:21:30,713:INFO:create_model(estimator=dt, fold=None, round=4, cross_validation=True, predict=True, fit_kwargs=None, groups=None, refit=True, verbose=True, system=True, metrics=None, display=None, kwargs={})
2020-11-01 05:21:30,713:INFO:Checking exceptions
2020-11-01 05:21:30,713:INFO:Preparing display monitor
2020-11-01 05:21:30,729:INFO:Importing libraries
2020-11-01 05:21:30,730:INFO:Copying training dataset
2020-11-01 05:21:30,731:INFO:Defining folds
2020-11-01 05:21:30,731:INFO:Declaring metric variables
2020-11-01 05:21:30,739:INFO:Importing untrained model
2020-11-01 05:21:30,748:INFO:Decision Tree Regressor Imported succesfully
2020-11-01 05:21:30,762:INFO:Starting cross validation
2020-11-01 05:21:30,763:INFO:Cross validating with KFold(n_splits=10, random_state=8467, shuffle=False), n_jobs=-1
2020-11-01 05:21:30,967:INFO:Calculating mean and std
2020-11-01 05:21:30,968:INFO:Creating metrics dataframe
2020-11-01 05:21:30,975:INFO:Finalizing model
2020-11-01 05:21:30,997:INFO:Uploading results into container
2020-11-01 05:21:30,997:INFO:Uploading model into container now
2020-11-01 05:21:31,007:INFO:create_model_container: 21
2020-11-01 05:21:31,007:INFO:master_model_container: 21
2020-11-01 05:21:31,007:INFO:display_container: 3
2020-11-01 05:21:31,007:INFO:DecisionTreeRegressor(ccp_alpha=0.0, criterion='mse', max_depth=None,
                      max_features=None, max_leaf_nodes=None,
                      min_impurity_decrease=0.0, min_impurity_split=None,
                      min_samples_leaf=1, min_samples_split=2,
                      min_weight_fraction_leaf=0.0, presort='deprecated',
                      random_state=8467, splitter='best')
2020-11-01 05:21:31,007:INFO:create_model() succesfully completed......................................
2020-11-01 05:21:31,060:INFO:Initializing plot_model()
2020-11-01 05:21:31,060:INFO:plot_model(plot=error, fold=None, verbose=True, display=None, estimator=DecisionTreeRegressor(ccp_alpha=0.0, criterion='mse', max_depth=None,
                      max_features=None, max_leaf_nodes=None,
                      min_impurity_decrease=0.0, min_impurity_split=None,
                      min_samples_leaf=1, min_samples_split=2,
                      min_weight_fraction_leaf=0.0, presort='deprecated',
                      random_state=8467, splitter='best'), feature_name=None, fit_kwargs=None, groups=None, label=False, save=False, scale=1, system=True)
2020-11-01 05:21:31,060:INFO:Checking exceptions
2020-11-01 05:21:31,060:INFO:Preparing display monitor
2020-11-01 05:21:31,064:INFO:Preloading libraries
2020-11-01 05:21:31,065:INFO:Copying training dataset
2020-11-01 05:21:31,065:INFO:Copying test dataset
2020-11-01 05:21:31,066:INFO:Plot type: error
2020-11-01 05:21:31,344:INFO:Fitting Model
2020-11-01 05:21:31,345:INFO:Scoring test/hold-out set
2020-11-01 05:21:31,868:INFO:Visual Rendered Successfully
2020-11-01 05:21:31,916:INFO:plot_model() succesfully completed......................................
